09, 09, 2016 (19:29:15): UR named: package_diagram, of type IDiagram, and ID: 604328de-2202-48b3-9d1a-353bbeb75331 was created. Owned by the ES770 Project.
09, 09, 2016 (19:29:15): UR named: definition_diagram, of type IDiagram, and ID: f53d507c-79b1-4f7f-850a-0c96a124e9bd was created. Owned by the ES770 Project.
09, 09, 2016 (19:29:15): UR named: Final_Project, of type ISubsystem, and ID: 00000000-0000-0000-0000-000000000000 was created. Owned by the ES770 Project.
09, 09, 2016 (19:29:15): UR named: stdlib, of type IClass, and ID: 579689f1-435b-460b-9240-949970fdee53 was created. Owned by the Final_Project Package.
09, 09, 2016 (19:29:29): UR named: package_diagram, of type IDiagram, and ID: 604328de-2202-48b3-9d1a-353bbeb75331 was created. Owned by the ES770 Project.
09, 09, 2016 (19:29:29): UR named: definition_diagram, of type IDiagram, and ID: f53d507c-79b1-4f7f-850a-0c96a124e9bd was created. Owned by the ES770 Project.
09, 09, 2016 (19:29:29): UR named: Final_Project, of type ISubsystem, and ID: 00000000-0000-0000-0000-000000000000 was created. Owned by the ES770 Project.
09, 09, 2016 (19:29:30): UR named: stdlib, of type IClass, and ID: 579689f1-435b-460b-9240-949970fdee53 was created. Owned by the Final_Project Package.
09, 09, 2016 (19:29:30): UR named: C_define, of type IStereotype, and ID: 4560e55a-2a71-451f-b5bd-262ac189ac08 was created. Owned by the Sources Package.
09, 09, 2016 (19:29:30): UR named: target_definitions, of type ISubsystem, and ID: 00000000-0000-0000-0000-000000000000 was created. Owned by the hal Package.
09, 09, 2016 (19:29:30): UR named: target_pins, of type IClass, and ID: 74626c5b-12fe-4812-8292-c72f81e79564 was created. Owned by the target_definitions Package.
09, 09, 2016 (19:29:30): UR named: fsl_gpio_hal, of type IClass, and ID: eaf96d3b-6e84-4516-8c0c-f3ce97a4d67b was created. Owned by the Final_Project Package.
09, 09, 2016 (19:29:30): UR named: fsl_interrupt_manager, of type IClass, and ID: b57f139d-e8b1-4031-89ee-0cc10bfebb00 was created. Owned by the Final_Project Package.
09, 09, 2016 (19:29:30): UR named: fsl_tpm_driver, of type IClass, and ID: 12d4b1b6-2ee8-43a3-8b4b-366f6cdb0cdf was created. Owned by the Final_Project Package.
09, 09, 2016 (19:29:30): UR named: fsl_tpm_hal, of type IClass, and ID: adc41eed-069a-487b-8384-888b18b15826 was created. Owned by the Final_Project Package.
09, 09, 2016 (19:29:30): UR named: fsl_pwm_driver, of type IClass, and ID: 28b0b50e-d670-4ee0-bc7a-7962c3756450 was created. Owned by the Final_Project Package.
09, 09, 2016 (19:29:35): UR named: package_diagram, of type IDiagram, and ID: 604328de-2202-48b3-9d1a-353bbeb75331 was created. Owned by the ES770 Project.
09, 09, 2016 (19:29:35): UR named: definition_diagram, of type IDiagram, and ID: f53d507c-79b1-4f7f-850a-0c96a124e9bd was created. Owned by the ES770 Project.
09, 09, 2016 (19:29:35): UR named: Final_Project, of type ISubsystem, and ID: 00000000-0000-0000-0000-000000000000 was created. Owned by the ES770 Project.
09, 09, 2016 (19:29:35): UR named: stdlib, of type IClass, and ID: 579689f1-435b-460b-9240-949970fdee53 was created. Owned by the Final_Project Package.
09, 09, 2016 (19:29:35): UR named: C_define, of type IStereotype, and ID: 4560e55a-2a71-451f-b5bd-262ac189ac08 was created. Owned by the Sources Package.
09, 09, 2016 (19:29:35): UR named: target_definitions, of type ISubsystem, and ID: 00000000-0000-0000-0000-000000000000 was created. Owned by the hal Package.
09, 09, 2016 (19:29:35): UR named: target_pins, of type IClass, and ID: 74626c5b-12fe-4812-8292-c72f81e79564 was created. Owned by the target_definitions Package.
09, 09, 2016 (19:29:35): UR named: fsl_gpio_hal, of type IClass, and ID: eaf96d3b-6e84-4516-8c0c-f3ce97a4d67b was created. Owned by the Final_Project Package.
09, 09, 2016 (19:29:35): UR named: fsl_interrupt_manager, of type IClass, and ID: b57f139d-e8b1-4031-89ee-0cc10bfebb00 was created. Owned by the Final_Project Package.
09, 09, 2016 (19:29:35): UR named: fsl_tpm_driver, of type IClass, and ID: 12d4b1b6-2ee8-43a3-8b4b-366f6cdb0cdf was created. Owned by the Final_Project Package.
09, 09, 2016 (19:29:35): UR named: fsl_tpm_hal, of type IClass, and ID: adc41eed-069a-487b-8384-888b18b15826 was created. Owned by the Final_Project Package.
09, 09, 2016 (19:29:35): UR named: fsl_pwm_driver, of type IClass, and ID: 28b0b50e-d670-4ee0-bc7a-7962c3756450 was created. Owned by the Final_Project Package.
09, 09, 2016 (19:29:35): UR named: fsl_clock_manager, of type IClass, and ID: 08c1aede-ca9f-4ad1-a5c3-258b424cd52a was created. Owned by the Final_Project Package.
09, 09, 2016 (19:29:35): UR named: fsl_port_hal, of type IClass, and ID: 1ea38ca5-80a9-4f47-80f1-d13c37181ab9 was created. Owned by the Final_Project Package.
09, 09, 2016 (19:29:37): UR named: package_diagram, of type IDiagram, and ID: 604328de-2202-48b3-9d1a-353bbeb75331 was created. Owned by the ES770 Project.
09, 09, 2016 (19:29:37): UR named: definition_diagram, of type IDiagram, and ID: f53d507c-79b1-4f7f-850a-0c96a124e9bd was created. Owned by the ES770 Project.
09, 09, 2016 (19:29:37): UR named: Final_Project, of type ISubsystem, and ID: 00000000-0000-0000-0000-000000000000 was created. Owned by the ES770 Project.
09, 09, 2016 (19:29:37): UR named: stdlib, of type IClass, and ID: 579689f1-435b-460b-9240-949970fdee53 was created. Owned by the Final_Project Package.
09, 09, 2016 (19:29:37): UR named: C_define, of type IStereotype, and ID: 4560e55a-2a71-451f-b5bd-262ac189ac08 was created. Owned by the Sources Package.
09, 09, 2016 (19:29:37): UR named: target_definitions, of type ISubsystem, and ID: 00000000-0000-0000-0000-000000000000 was created. Owned by the hal Package.
09, 09, 2016 (19:29:37): UR named: target_pins, of type IClass, and ID: 74626c5b-12fe-4812-8292-c72f81e79564 was created. Owned by the target_definitions Package.
09, 09, 2016 (19:29:37): UR named: fsl_gpio_hal, of type IClass, and ID: eaf96d3b-6e84-4516-8c0c-f3ce97a4d67b was created. Owned by the Final_Project Package.
09, 09, 2016 (19:29:37): UR named: fsl_interrupt_manager, of type IClass, and ID: b57f139d-e8b1-4031-89ee-0cc10bfebb00 was created. Owned by the Final_Project Package.
09, 09, 2016 (19:29:37): UR named: fsl_tpm_driver, of type IClass, and ID: 12d4b1b6-2ee8-43a3-8b4b-366f6cdb0cdf was created. Owned by the Final_Project Package.
09, 09, 2016 (19:29:37): UR named: fsl_tpm_hal, of type IClass, and ID: adc41eed-069a-487b-8384-888b18b15826 was created. Owned by the Final_Project Package.
09, 09, 2016 (19:29:37): UR named: fsl_pwm_driver, of type IClass, and ID: 28b0b50e-d670-4ee0-bc7a-7962c3756450 was created. Owned by the Final_Project Package.
09, 09, 2016 (19:29:37): UR named: fsl_clock_manager, of type IClass, and ID: 08c1aede-ca9f-4ad1-a5c3-258b424cd52a was created. Owned by the Final_Project Package.
09, 09, 2016 (19:29:37): UR named: fsl_port_hal, of type IClass, and ID: 1ea38ca5-80a9-4f47-80f1-d13c37181ab9 was created. Owned by the Final_Project Package.
09, 09, 2016 (19:29:37): UR named: fsl_smc_hal, of type IClass, and ID: 82bdbb67-6156-4f36-8fde-ac0769bfa6a1 was created. Owned by the Final_Project Package.
09, 09, 2016 (19:29:37): UR named: fsl_debug_console, of type IClass, and ID: 8f05cbf7-9821-4d46-8dd7-e280a936a2f0 was created. Owned by the Final_Project Package.
09, 09, 2016 (19:29:39): UR named: package_diagram, of type IDiagram, and ID: 604328de-2202-48b3-9d1a-353bbeb75331 was created. Owned by the ES770 Project.
09, 09, 2016 (19:29:39): UR named: definition_diagram, of type IDiagram, and ID: f53d507c-79b1-4f7f-850a-0c96a124e9bd was created. Owned by the ES770 Project.
09, 09, 2016 (19:29:39): UR named: Final_Project, of type ISubsystem, and ID: 00000000-0000-0000-0000-000000000000 was created. Owned by the ES770 Project.
09, 09, 2016 (19:29:39): UR named: stdlib, of type IClass, and ID: 579689f1-435b-460b-9240-949970fdee53 was created. Owned by the Final_Project Package.
09, 09, 2016 (19:29:39): UR named: C_define, of type IStereotype, and ID: 4560e55a-2a71-451f-b5bd-262ac189ac08 was created. Owned by the Sources Package.
09, 09, 2016 (19:29:39): UR named: target_definitions, of type ISubsystem, and ID: 00000000-0000-0000-0000-000000000000 was created. Owned by the hal Package.
09, 09, 2016 (19:29:39): UR named: target_pins, of type IClass, and ID: 74626c5b-12fe-4812-8292-c72f81e79564 was created. Owned by the target_definitions Package.
09, 09, 2016 (19:29:39): UR named: fsl_gpio_hal, of type IClass, and ID: eaf96d3b-6e84-4516-8c0c-f3ce97a4d67b was created. Owned by the Final_Project Package.
09, 09, 2016 (19:29:39): UR named: fsl_interrupt_manager, of type IClass, and ID: b57f139d-e8b1-4031-89ee-0cc10bfebb00 was created. Owned by the Final_Project Package.
09, 09, 2016 (19:29:39): UR named: fsl_tpm_driver, of type IClass, and ID: 12d4b1b6-2ee8-43a3-8b4b-366f6cdb0cdf was created. Owned by the Final_Project Package.
09, 09, 2016 (19:29:39): UR named: fsl_tpm_hal, of type IClass, and ID: adc41eed-069a-487b-8384-888b18b15826 was created. Owned by the Final_Project Package.
09, 09, 2016 (19:29:39): UR named: fsl_pwm_driver, of type IClass, and ID: 28b0b50e-d670-4ee0-bc7a-7962c3756450 was created. Owned by the Final_Project Package.
09, 09, 2016 (19:29:39): UR named: fsl_clock_manager, of type IClass, and ID: 08c1aede-ca9f-4ad1-a5c3-258b424cd52a was created. Owned by the Final_Project Package.
09, 09, 2016 (19:29:39): UR named: fsl_port_hal, of type IClass, and ID: 1ea38ca5-80a9-4f47-80f1-d13c37181ab9 was created. Owned by the Final_Project Package.
09, 09, 2016 (19:29:39): UR named: fsl_smc_hal, of type IClass, and ID: 82bdbb67-6156-4f36-8fde-ac0769bfa6a1 was created. Owned by the Final_Project Package.
09, 09, 2016 (19:29:39): UR named: fsl_debug_console, of type IClass, and ID: 8f05cbf7-9821-4d46-8dd7-e280a936a2f0 was created. Owned by the Final_Project Package.
09, 09, 2016 (19:29:42): UR named: package_diagram, of type IDiagram, and ID: 604328de-2202-48b3-9d1a-353bbeb75331 was created. Owned by the ES770 Project.
09, 09, 2016 (19:29:42): UR named: definition_diagram, of type IDiagram, and ID: f53d507c-79b1-4f7f-850a-0c96a124e9bd was created. Owned by the ES770 Project.
09, 09, 2016 (19:29:42): UR named: Final_Project, of type ISubsystem, and ID: 00000000-0000-0000-0000-000000000000 was created. Owned by the ES770 Project.
09, 09, 2016 (19:29:42): UR named: stdlib, of type IClass, and ID: 579689f1-435b-460b-9240-949970fdee53 was created. Owned by the Final_Project Package.
09, 09, 2016 (19:29:42): UR named: C_define, of type IStereotype, and ID: 4560e55a-2a71-451f-b5bd-262ac189ac08 was created. Owned by the Sources Package.
09, 09, 2016 (19:29:42): UR named: fsl_gpio_hal, of type IClass, and ID: eaf96d3b-6e84-4516-8c0c-f3ce97a4d67b was created. Owned by the Final_Project Package.
09, 09, 2016 (19:29:42): UR named: fsl_interrupt_manager, of type IClass, and ID: b57f139d-e8b1-4031-89ee-0cc10bfebb00 was created. Owned by the Final_Project Package.
09, 09, 2016 (19:29:42): UR named: fsl_tpm_driver, of type IClass, and ID: 12d4b1b6-2ee8-43a3-8b4b-366f6cdb0cdf was created. Owned by the Final_Project Package.
09, 09, 2016 (19:29:42): UR named: fsl_tpm_hal, of type IClass, and ID: adc41eed-069a-487b-8384-888b18b15826 was created. Owned by the Final_Project Package.
09, 09, 2016 (19:29:42): UR named: fsl_pwm_driver, of type IClass, and ID: 28b0b50e-d670-4ee0-bc7a-7962c3756450 was created. Owned by the Final_Project Package.
09, 09, 2016 (19:29:42): UR named: fsl_clock_manager, of type IClass, and ID: 08c1aede-ca9f-4ad1-a5c3-258b424cd52a was created. Owned by the Final_Project Package.
09, 09, 2016 (19:29:42): UR named: fsl_port_hal, of type IClass, and ID: 1ea38ca5-80a9-4f47-80f1-d13c37181ab9 was created. Owned by the Final_Project Package.
09, 09, 2016 (19:29:42): UR named: fsl_smc_hal, of type IClass, and ID: 82bdbb67-6156-4f36-8fde-ac0769bfa6a1 was created. Owned by the Final_Project Package.
09, 09, 2016 (19:29:42): UR named: fsl_debug_console, of type IClass, and ID: 8f05cbf7-9821-4d46-8dd7-e280a936a2f0 was created. Owned by the Final_Project Package.
09, 09, 2016 (19:29:42): UR named: File, of type IStereotype, and ID: bdee0ab5-d5a0-4569-8f02-ac8f107b96c3 was created. Owned by the Final_Project Package.
09, 09, 2016 (19:29:42): UR named: MKL25Z4, of type IClass, and ID: d32248dd-74d9-479b-b8a9-cc8ac7ccc303 was created. Owned by the Final_Project Package.
09, 09, 2016 (19:29:44): UR named: package_diagram, of type IDiagram, and ID: 604328de-2202-48b3-9d1a-353bbeb75331 was created. Owned by the ES770 Project.
09, 09, 2016 (19:29:44): UR named: definition_diagram, of type IDiagram, and ID: f53d507c-79b1-4f7f-850a-0c96a124e9bd was created. Owned by the ES770 Project.
09, 09, 2016 (19:29:44): UR named: Final_Project, of type ISubsystem, and ID: 00000000-0000-0000-0000-000000000000 was created. Owned by the ES770 Project.
09, 09, 2016 (19:29:44): UR named: stdlib, of type IClass, and ID: 579689f1-435b-460b-9240-949970fdee53 was created. Owned by the Final_Project Package.
09, 09, 2016 (19:29:44): UR named: C_define, of type IStereotype, and ID: 4560e55a-2a71-451f-b5bd-262ac189ac08 was created. Owned by the Sources Package.
09, 09, 2016 (19:29:44): UR named: fsl_gpio_hal, of type IClass, and ID: eaf96d3b-6e84-4516-8c0c-f3ce97a4d67b was created. Owned by the Final_Project Package.
09, 09, 2016 (19:29:44): UR named: fsl_interrupt_manager, of type IClass, and ID: b57f139d-e8b1-4031-89ee-0cc10bfebb00 was created. Owned by the Final_Project Package.
09, 09, 2016 (19:29:44): UR named: fsl_tpm_driver, of type IClass, and ID: 12d4b1b6-2ee8-43a3-8b4b-366f6cdb0cdf was created. Owned by the Final_Project Package.
09, 09, 2016 (19:29:44): UR named: fsl_tpm_hal, of type IClass, and ID: adc41eed-069a-487b-8384-888b18b15826 was created. Owned by the Final_Project Package.
09, 09, 2016 (19:29:44): UR named: fsl_pwm_driver, of type IClass, and ID: 28b0b50e-d670-4ee0-bc7a-7962c3756450 was created. Owned by the Final_Project Package.
09, 09, 2016 (19:29:44): UR named: fsl_clock_manager, of type IClass, and ID: 08c1aede-ca9f-4ad1-a5c3-258b424cd52a was created. Owned by the Final_Project Package.
09, 09, 2016 (19:29:44): UR named: fsl_port_hal, of type IClass, and ID: 1ea38ca5-80a9-4f47-80f1-d13c37181ab9 was created. Owned by the Final_Project Package.
09, 09, 2016 (19:29:44): UR named: fsl_smc_hal, of type IClass, and ID: 82bdbb67-6156-4f36-8fde-ac0769bfa6a1 was created. Owned by the Final_Project Package.
09, 09, 2016 (19:29:44): UR named: fsl_debug_console, of type IClass, and ID: 8f05cbf7-9821-4d46-8dd7-e280a936a2f0 was created. Owned by the Final_Project Package.
09, 09, 2016 (19:29:44): UR named: File, of type IStereotype, and ID: bdee0ab5-d5a0-4569-8f02-ac8f107b96c3 was created. Owned by the Final_Project Package.
09, 09, 2016 (19:29:44): UR named: MKL25Z4, of type IClass, and ID: d32248dd-74d9-479b-b8a9-cc8ac7ccc303 was created. Owned by the Final_Project Package.
09, 09, 2016 (19:29:47): UR named: package_diagram, of type IDiagram, and ID: 604328de-2202-48b3-9d1a-353bbeb75331 was created. Owned by the ES770 Project.
09, 09, 2016 (19:29:47): UR named: definition_diagram, of type IDiagram, and ID: f53d507c-79b1-4f7f-850a-0c96a124e9bd was created. Owned by the ES770 Project.
09, 09, 2016 (19:29:47): UR named: Final_Project, of type ISubsystem, and ID: 00000000-0000-0000-0000-000000000000 was created. Owned by the ES770 Project.
09, 09, 2016 (19:29:47): UR named: stdlib, of type IClass, and ID: 579689f1-435b-460b-9240-949970fdee53 was created. Owned by the Final_Project Package.
09, 09, 2016 (19:29:47): UR named: C_define, of type IStereotype, and ID: 4560e55a-2a71-451f-b5bd-262ac189ac08 was created. Owned by the Sources Package.
09, 09, 2016 (19:29:47): UR named: fsl_gpio_hal, of type IClass, and ID: eaf96d3b-6e84-4516-8c0c-f3ce97a4d67b was created. Owned by the Final_Project Package.
09, 09, 2016 (19:29:47): UR named: fsl_interrupt_manager, of type IClass, and ID: b57f139d-e8b1-4031-89ee-0cc10bfebb00 was created. Owned by the Final_Project Package.
09, 09, 2016 (19:29:47): UR named: fsl_tpm_driver, of type IClass, and ID: 12d4b1b6-2ee8-43a3-8b4b-366f6cdb0cdf was created. Owned by the Final_Project Package.
09, 09, 2016 (19:29:47): UR named: fsl_tpm_hal, of type IClass, and ID: adc41eed-069a-487b-8384-888b18b15826 was created. Owned by the Final_Project Package.
09, 09, 2016 (19:29:47): UR named: fsl_pwm_driver, of type IClass, and ID: 28b0b50e-d670-4ee0-bc7a-7962c3756450 was created. Owned by the Final_Project Package.
09, 09, 2016 (19:29:47): UR named: fsl_clock_manager, of type IClass, and ID: 08c1aede-ca9f-4ad1-a5c3-258b424cd52a was created. Owned by the Final_Project Package.
09, 09, 2016 (19:29:47): UR named: fsl_port_hal, of type IClass, and ID: 1ea38ca5-80a9-4f47-80f1-d13c37181ab9 was created. Owned by the Final_Project Package.
09, 09, 2016 (19:29:47): UR named: fsl_smc_hal, of type IClass, and ID: 82bdbb67-6156-4f36-8fde-ac0769bfa6a1 was created. Owned by the Final_Project Package.
09, 09, 2016 (19:29:47): UR named: fsl_debug_console, of type IClass, and ID: 8f05cbf7-9821-4d46-8dd7-e280a936a2f0 was created. Owned by the Final_Project Package.
09, 09, 2016 (19:29:47): UR named: File, of type IStereotype, and ID: bdee0ab5-d5a0-4569-8f02-ac8f107b96c3 was created. Owned by the Final_Project Package.
09, 09, 2016 (19:29:47): UR named: MKL25Z4, of type IClass, and ID: d32248dd-74d9-479b-b8a9-cc8ac7ccc303 was created. Owned by the Final_Project Package.
09, 09, 2016 (19:32:53): UR named: package_diagram, of type IDiagram, and ID: 604328de-2202-48b3-9d1a-353bbeb75331 was created. Owned by the ES770 Project.
09, 09, 2016 (19:32:53): UR named: definition_diagram, of type IDiagram, and ID: f53d507c-79b1-4f7f-850a-0c96a124e9bd was created. Owned by the ES770 Project.
09, 09, 2016 (19:32:53): UR named: C_define, of type IStereotype, and ID: 4560e55a-2a71-451f-b5bd-262ac189ac08 was created. Owned by the Sources Package.
09, 09, 2016 (19:32:53): UR named: systemwide_diagram, of type IDiagram, and ID: faa5f56b-4d52-441e-886b-10954aeebd61 was created. Owned by the ES770 Project.
09, 09, 2016 (19:32:53): UR named: Driver, of type IComponent, and ID: 213206af-015c-41b0-acff-d119203c9abf was created. Owned by the ES770 Project.
09, 09, 2016 (19:32:53): UR named: Motor, of type IComponent, and ID: 74ce5ee9-edd0-4a4d-a765-5319cad6aa8e was created. Owned by the ES770 Project.
09, 09, 2016 (19:32:53): UR named: Encoder, of type IComponent, and ID: ebbcc1e1-fba1-4c18-b67f-93b3441ed079 was created. Owned by the ES770 Project.
09, 09, 2016 (19:32:53): UR named: PowerSupply_12V, of type IComponent, and ID: 88a7a51b-355c-4870-906d-9393f79cf1fe was created. Owned by the ES770 Project.
09, 09, 2016 (19:32:53): UR named: Host_Interface, of type IComponent, and ID: 0e52124a-e789-4058-8ffe-313e31fb1a1a was created. Owned by the ES770 Project.
09, 09, 2016 (19:36:49): UR named: package_diagram, of type IDiagram, and ID: 604328de-2202-48b3-9d1a-353bbeb75331 was created. Owned by the ES770 Project.
09, 09, 2016 (19:36:49): UR named: definition_diagram, of type IDiagram, and ID: f53d507c-79b1-4f7f-850a-0c96a124e9bd was created. Owned by the ES770 Project.
09, 09, 2016 (19:36:49): UR named: stdlib, of type IClass, and ID: 579689f1-435b-460b-9240-949970fdee53 was created. Owned by the Final_Project Package.
09, 09, 2016 (19:37:05): UR named: package_diagram, of type IDiagram, and ID: 604328de-2202-48b3-9d1a-353bbeb75331 was created. Owned by the ES770 Project.
09, 09, 2016 (19:37:05): UR named: definition_diagram, of type IDiagram, and ID: f53d507c-79b1-4f7f-850a-0c96a124e9bd was created. Owned by the ES770 Project.
09, 09, 2016 (19:37:05): UR named: stdlib, of type IClass, and ID: 579689f1-435b-460b-9240-949970fdee53 was created. Owned by the Final_Project Package.
09, 09, 2016 (19:37:05): UR named: C_define, of type IStereotype, and ID: 4560e55a-2a71-451f-b5bd-262ac189ac08 was created. Owned by the Sources Package.
09, 09, 2016 (19:37:05): UR named: target_pins, of type IClass, and ID: 74626c5b-12fe-4812-8292-c72f81e79564 was created. Owned by the target_definitions Package.
09, 09, 2016 (19:37:05): UR named: fsl_gpio_hal, of type IClass, and ID: eaf96d3b-6e84-4516-8c0c-f3ce97a4d67b was created. Owned by the Final_Project Package.
09, 09, 2016 (19:37:05): UR named: fsl_interrupt_manager, of type IClass, and ID: b57f139d-e8b1-4031-89ee-0cc10bfebb00 was created. Owned by the Final_Project Package.
09, 09, 2016 (19:37:05): UR named: fsl_tpm_driver, of type IClass, and ID: 12d4b1b6-2ee8-43a3-8b4b-366f6cdb0cdf was created. Owned by the Final_Project Package.
09, 09, 2016 (19:37:05): UR named: fsl_tpm_hal, of type IClass, and ID: adc41eed-069a-487b-8384-888b18b15826 was created. Owned by the Final_Project Package.
09, 09, 2016 (19:37:05): UR named: fsl_pwm_driver, of type IClass, and ID: 28b0b50e-d670-4ee0-bc7a-7962c3756450 was created. Owned by the Final_Project Package.
09, 09, 2016 (19:37:07): UR named: package_diagram, of type IDiagram, and ID: 604328de-2202-48b3-9d1a-353bbeb75331 was created. Owned by the ES770 Project.
09, 09, 2016 (19:37:07): UR named: definition_diagram, of type IDiagram, and ID: f53d507c-79b1-4f7f-850a-0c96a124e9bd was created. Owned by the ES770 Project.
09, 09, 2016 (19:37:07): UR named: stdlib, of type IClass, and ID: 579689f1-435b-460b-9240-949970fdee53 was created. Owned by the Final_Project Package.
09, 09, 2016 (19:37:07): UR named: C_define, of type IStereotype, and ID: 4560e55a-2a71-451f-b5bd-262ac189ac08 was created. Owned by the Sources Package.
09, 09, 2016 (19:37:07): UR named: target_pins, of type IClass, and ID: 74626c5b-12fe-4812-8292-c72f81e79564 was created. Owned by the target_definitions Package.
09, 09, 2016 (19:37:07): UR named: fsl_gpio_hal, of type IClass, and ID: eaf96d3b-6e84-4516-8c0c-f3ce97a4d67b was created. Owned by the Final_Project Package.
09, 09, 2016 (19:37:07): UR named: fsl_interrupt_manager, of type IClass, and ID: b57f139d-e8b1-4031-89ee-0cc10bfebb00 was created. Owned by the Final_Project Package.
09, 09, 2016 (19:37:07): UR named: fsl_tpm_driver, of type IClass, and ID: 12d4b1b6-2ee8-43a3-8b4b-366f6cdb0cdf was created. Owned by the Final_Project Package.
09, 09, 2016 (19:37:07): UR named: fsl_tpm_hal, of type IClass, and ID: adc41eed-069a-487b-8384-888b18b15826 was created. Owned by the Final_Project Package.
09, 09, 2016 (19:37:07): UR named: fsl_pwm_driver, of type IClass, and ID: 28b0b50e-d670-4ee0-bc7a-7962c3756450 was created. Owned by the Final_Project Package.
09, 09, 2016 (19:37:08): UR named: package_diagram, of type IDiagram, and ID: 604328de-2202-48b3-9d1a-353bbeb75331 was created. Owned by the ES770 Project.
09, 09, 2016 (19:37:08): UR named: definition_diagram, of type IDiagram, and ID: f53d507c-79b1-4f7f-850a-0c96a124e9bd was created. Owned by the ES770 Project.
09, 09, 2016 (19:37:08): UR named: stdlib, of type IClass, and ID: 579689f1-435b-460b-9240-949970fdee53 was created. Owned by the Final_Project Package.
09, 09, 2016 (19:37:08): UR named: C_define, of type IStereotype, and ID: 4560e55a-2a71-451f-b5bd-262ac189ac08 was created. Owned by the Sources Package.
09, 09, 2016 (19:37:08): UR named: target_pins, of type IClass, and ID: 74626c5b-12fe-4812-8292-c72f81e79564 was created. Owned by the target_definitions Package.
09, 09, 2016 (19:37:08): UR named: fsl_gpio_hal, of type IClass, and ID: eaf96d3b-6e84-4516-8c0c-f3ce97a4d67b was created. Owned by the Final_Project Package.
09, 09, 2016 (19:37:08): UR named: fsl_interrupt_manager, of type IClass, and ID: b57f139d-e8b1-4031-89ee-0cc10bfebb00 was created. Owned by the Final_Project Package.
09, 09, 2016 (19:37:08): UR named: fsl_tpm_driver, of type IClass, and ID: 12d4b1b6-2ee8-43a3-8b4b-366f6cdb0cdf was created. Owned by the Final_Project Package.
09, 09, 2016 (19:37:08): UR named: fsl_tpm_hal, of type IClass, and ID: adc41eed-069a-487b-8384-888b18b15826 was created. Owned by the Final_Project Package.
09, 09, 2016 (19:37:08): UR named: fsl_pwm_driver, of type IClass, and ID: 28b0b50e-d670-4ee0-bc7a-7962c3756450 was created. Owned by the Final_Project Package.
09, 09, 2016 (19:37:08): UR named: File, of type IStereotype, and ID: bdee0ab5-d5a0-4569-8f02-ac8f107b96c3 was created. Owned by the Final_Project Package.
09, 09, 2016 (19:37:09): UR named: package_diagram, of type IDiagram, and ID: 604328de-2202-48b3-9d1a-353bbeb75331 was created. Owned by the ES770 Project.
09, 09, 2016 (19:37:09): UR named: definition_diagram, of type IDiagram, and ID: f53d507c-79b1-4f7f-850a-0c96a124e9bd was created. Owned by the ES770 Project.
09, 09, 2016 (19:37:09): UR named: stdlib, of type IClass, and ID: 579689f1-435b-460b-9240-949970fdee53 was created. Owned by the Final_Project Package.
09, 09, 2016 (19:37:09): UR named: C_define, of type IStereotype, and ID: 4560e55a-2a71-451f-b5bd-262ac189ac08 was created. Owned by the Sources Package.
09, 09, 2016 (19:37:10): UR named: target_pins, of type IClass, and ID: 74626c5b-12fe-4812-8292-c72f81e79564 was created. Owned by the target_definitions Package.
09, 09, 2016 (19:37:10): UR named: fsl_gpio_hal, of type IClass, and ID: eaf96d3b-6e84-4516-8c0c-f3ce97a4d67b was created. Owned by the Final_Project Package.
09, 09, 2016 (19:37:10): UR named: fsl_interrupt_manager, of type IClass, and ID: b57f139d-e8b1-4031-89ee-0cc10bfebb00 was created. Owned by the Final_Project Package.
09, 09, 2016 (19:37:10): UR named: fsl_tpm_driver, of type IClass, and ID: 12d4b1b6-2ee8-43a3-8b4b-366f6cdb0cdf was created. Owned by the Final_Project Package.
09, 09, 2016 (19:37:10): UR named: fsl_tpm_hal, of type IClass, and ID: adc41eed-069a-487b-8384-888b18b15826 was created. Owned by the Final_Project Package.
09, 09, 2016 (19:37:10): UR named: fsl_pwm_driver, of type IClass, and ID: 28b0b50e-d670-4ee0-bc7a-7962c3756450 was created. Owned by the Final_Project Package.
09, 09, 2016 (19:37:10): UR named: fsl_clock_manager, of type IClass, and ID: 08c1aede-ca9f-4ad1-a5c3-258b424cd52a was created. Owned by the Final_Project Package.
09, 09, 2016 (19:37:10): UR named: fsl_port_hal, of type IClass, and ID: 1ea38ca5-80a9-4f47-80f1-d13c37181ab9 was created. Owned by the Final_Project Package.
09, 09, 2016 (19:37:10): UR named: fsl_smc_hal, of type IClass, and ID: 82bdbb67-6156-4f36-8fde-ac0769bfa6a1 was created. Owned by the Final_Project Package.
09, 09, 2016 (19:37:10): UR named: File, of type IStereotype, and ID: bdee0ab5-d5a0-4569-8f02-ac8f107b96c3 was created. Owned by the Final_Project Package.
09, 09, 2016 (19:37:36): UR named: package_diagram, of type IDiagram, and ID: 604328de-2202-48b3-9d1a-353bbeb75331 was created. Owned by the ES770 Project.
09, 09, 2016 (19:37:36): UR named: definition_diagram, of type IDiagram, and ID: f53d507c-79b1-4f7f-850a-0c96a124e9bd was created. Owned by the ES770 Project.
09, 09, 2016 (19:37:36): UR named: stdlib, of type IClass, and ID: 579689f1-435b-460b-9240-949970fdee53 was created. Owned by the Final_Project Package.
09, 09, 2016 (19:37:36): UR named: C_define, of type IStereotype, and ID: 4560e55a-2a71-451f-b5bd-262ac189ac08 was created. Owned by the Sources Package.
09, 09, 2016 (19:37:36): UR named: fsl_gpio_hal, of type IClass, and ID: eaf96d3b-6e84-4516-8c0c-f3ce97a4d67b was created. Owned by the Final_Project Package.
09, 09, 2016 (19:37:36): UR named: fsl_interrupt_manager, of type IClass, and ID: b57f139d-e8b1-4031-89ee-0cc10bfebb00 was created. Owned by the Final_Project Package.
09, 09, 2016 (19:37:36): UR named: fsl_tpm_driver, of type IClass, and ID: 12d4b1b6-2ee8-43a3-8b4b-366f6cdb0cdf was created. Owned by the Final_Project Package.
09, 09, 2016 (19:37:36): UR named: fsl_tpm_hal, of type IClass, and ID: adc41eed-069a-487b-8384-888b18b15826 was created. Owned by the Final_Project Package.
09, 09, 2016 (19:37:36): UR named: fsl_pwm_driver, of type IClass, and ID: 28b0b50e-d670-4ee0-bc7a-7962c3756450 was created. Owned by the Final_Project Package.
09, 09, 2016 (19:37:36): UR named: fsl_clock_manager, of type IClass, and ID: 08c1aede-ca9f-4ad1-a5c3-258b424cd52a was created. Owned by the Final_Project Package.
09, 09, 2016 (19:37:36): UR named: fsl_port_hal, of type IClass, and ID: 1ea38ca5-80a9-4f47-80f1-d13c37181ab9 was created. Owned by the Final_Project Package.
09, 09, 2016 (19:37:36): UR named: fsl_smc_hal, of type IClass, and ID: 82bdbb67-6156-4f36-8fde-ac0769bfa6a1 was created. Owned by the Final_Project Package.
09, 09, 2016 (19:37:36): UR named: File, of type IStereotype, and ID: bdee0ab5-d5a0-4569-8f02-ac8f107b96c3 was created. Owned by the Final_Project Package.
09, 09, 2016 (19:37:36): UR named: MKL25Z4, of type IClass, and ID: d32248dd-74d9-479b-b8a9-cc8ac7ccc303 was created. Owned by the Final_Project Package.
09, 09, 2016 (19:37:37): UR named: package_diagram, of type IDiagram, and ID: 604328de-2202-48b3-9d1a-353bbeb75331 was created. Owned by the ES770 Project.
09, 09, 2016 (19:37:37): UR named: definition_diagram, of type IDiagram, and ID: f53d507c-79b1-4f7f-850a-0c96a124e9bd was created. Owned by the ES770 Project.
09, 09, 2016 (19:37:37): UR named: stdlib, of type IClass, and ID: 579689f1-435b-460b-9240-949970fdee53 was created. Owned by the Final_Project Package.
09, 09, 2016 (19:37:37): UR named: C_define, of type IStereotype, and ID: 4560e55a-2a71-451f-b5bd-262ac189ac08 was created. Owned by the Sources Package.
09, 09, 2016 (19:37:37): UR named: fsl_gpio_hal, of type IClass, and ID: eaf96d3b-6e84-4516-8c0c-f3ce97a4d67b was created. Owned by the Final_Project Package.
09, 09, 2016 (19:37:37): UR named: fsl_interrupt_manager, of type IClass, and ID: b57f139d-e8b1-4031-89ee-0cc10bfebb00 was created. Owned by the Final_Project Package.
09, 09, 2016 (19:37:37): UR named: fsl_tpm_driver, of type IClass, and ID: 12d4b1b6-2ee8-43a3-8b4b-366f6cdb0cdf was created. Owned by the Final_Project Package.
09, 09, 2016 (19:37:37): UR named: fsl_tpm_hal, of type IClass, and ID: adc41eed-069a-487b-8384-888b18b15826 was created. Owned by the Final_Project Package.
09, 09, 2016 (19:37:37): UR named: fsl_pwm_driver, of type IClass, and ID: 28b0b50e-d670-4ee0-bc7a-7962c3756450 was created. Owned by the Final_Project Package.
09, 09, 2016 (19:37:37): UR named: fsl_clock_manager, of type IClass, and ID: 08c1aede-ca9f-4ad1-a5c3-258b424cd52a was created. Owned by the Final_Project Package.
09, 09, 2016 (19:37:37): UR named: fsl_port_hal, of type IClass, and ID: 1ea38ca5-80a9-4f47-80f1-d13c37181ab9 was created. Owned by the Final_Project Package.
09, 09, 2016 (19:37:37): UR named: fsl_smc_hal, of type IClass, and ID: 82bdbb67-6156-4f36-8fde-ac0769bfa6a1 was created. Owned by the Final_Project Package.
09, 09, 2016 (19:37:37): UR named: fsl_debug_console, of type IClass, and ID: 8f05cbf7-9821-4d46-8dd7-e280a936a2f0 was created. Owned by the Final_Project Package.
09, 09, 2016 (19:37:37): UR named: File, of type IStereotype, and ID: bdee0ab5-d5a0-4569-8f02-ac8f107b96c3 was created. Owned by the Final_Project Package.
09, 09, 2016 (19:37:37): UR named: MKL25Z4, of type IClass, and ID: d32248dd-74d9-479b-b8a9-cc8ac7ccc303 was created. Owned by the Final_Project Package.
09, 09, 2016 (19:37:38): UR named: package_diagram, of type IDiagram, and ID: 604328de-2202-48b3-9d1a-353bbeb75331 was created. Owned by the ES770 Project.
09, 09, 2016 (19:37:38): UR named: definition_diagram, of type IDiagram, and ID: f53d507c-79b1-4f7f-850a-0c96a124e9bd was created. Owned by the ES770 Project.
09, 09, 2016 (19:37:38): UR named: stdlib, of type IClass, and ID: 579689f1-435b-460b-9240-949970fdee53 was created. Owned by the Final_Project Package.
09, 09, 2016 (19:37:38): UR named: C_define, of type IStereotype, and ID: 4560e55a-2a71-451f-b5bd-262ac189ac08 was created. Owned by the Sources Package.
09, 09, 2016 (19:37:38): UR named: fsl_gpio_hal, of type IClass, and ID: eaf96d3b-6e84-4516-8c0c-f3ce97a4d67b was created. Owned by the Final_Project Package.
09, 09, 2016 (19:37:38): UR named: fsl_interrupt_manager, of type IClass, and ID: b57f139d-e8b1-4031-89ee-0cc10bfebb00 was created. Owned by the Final_Project Package.
09, 09, 2016 (19:37:38): UR named: fsl_tpm_driver, of type IClass, and ID: 12d4b1b6-2ee8-43a3-8b4b-366f6cdb0cdf was created. Owned by the Final_Project Package.
09, 09, 2016 (19:37:38): UR named: fsl_tpm_hal, of type IClass, and ID: adc41eed-069a-487b-8384-888b18b15826 was created. Owned by the Final_Project Package.
09, 09, 2016 (19:37:38): UR named: fsl_pwm_driver, of type IClass, and ID: 28b0b50e-d670-4ee0-bc7a-7962c3756450 was created. Owned by the Final_Project Package.
09, 09, 2016 (19:37:38): UR named: fsl_clock_manager, of type IClass, and ID: 08c1aede-ca9f-4ad1-a5c3-258b424cd52a was created. Owned by the Final_Project Package.
09, 09, 2016 (19:37:38): UR named: fsl_port_hal, of type IClass, and ID: 1ea38ca5-80a9-4f47-80f1-d13c37181ab9 was created. Owned by the Final_Project Package.
09, 09, 2016 (19:37:38): UR named: fsl_smc_hal, of type IClass, and ID: 82bdbb67-6156-4f36-8fde-ac0769bfa6a1 was created. Owned by the Final_Project Package.
09, 09, 2016 (19:37:38): UR named: fsl_debug_console, of type IClass, and ID: 8f05cbf7-9821-4d46-8dd7-e280a936a2f0 was created. Owned by the Final_Project Package.
09, 09, 2016 (19:37:38): UR named: File, of type IStereotype, and ID: bdee0ab5-d5a0-4569-8f02-ac8f107b96c3 was created. Owned by the Final_Project Package.
09, 09, 2016 (19:37:38): UR named: MKL25Z4, of type IClass, and ID: d32248dd-74d9-479b-b8a9-cc8ac7ccc303 was created. Owned by the Final_Project Package.
09, 09, 2016 (19:37:41): UR named: package_diagram, of type IDiagram, and ID: 604328de-2202-48b3-9d1a-353bbeb75331 was created. Owned by the ES770 Project.
09, 09, 2016 (19:37:41): UR named: definition_diagram, of type IDiagram, and ID: f53d507c-79b1-4f7f-850a-0c96a124e9bd was created. Owned by the ES770 Project.
09, 09, 2016 (19:37:41): UR named: C_define, of type IStereotype, and ID: 4560e55a-2a71-451f-b5bd-262ac189ac08 was created. Owned by the Sources Package.
09, 09, 2016 (19:37:41): UR named: systemwide_diagram, of type IDiagram, and ID: faa5f56b-4d52-441e-886b-10954aeebd61 was created. Owned by the ES770 Project.
09, 09, 2016 (19:37:41): UR named: Driver, of type IComponent, and ID: 213206af-015c-41b0-acff-d119203c9abf was created. Owned by the ES770 Project.
09, 09, 2016 (19:37:41): UR named: Motor, of type IComponent, and ID: 74ce5ee9-edd0-4a4d-a765-5319cad6aa8e was created. Owned by the ES770 Project.
09, 09, 2016 (19:37:41): UR named: Encoder, of type IComponent, and ID: ebbcc1e1-fba1-4c18-b67f-93b3441ed079 was created. Owned by the ES770 Project.
09, 09, 2016 (19:37:41): UR named: PowerSupply_12V, of type IComponent, and ID: 88a7a51b-355c-4870-906d-9393f79cf1fe was created. Owned by the ES770 Project.
09, 09, 2016 (19:37:41): UR named: Host_Interface, of type IComponent, and ID: 0e52124a-e789-4058-8ffe-313e31fb1a1a was created. Owned by the ES770 Project.
09, 09, 2016 (19:37:46): UR named: package_diagram, of type IDiagram, and ID: 604328de-2202-48b3-9d1a-353bbeb75331 was created. Owned by the ES770 Project.
09, 09, 2016 (19:37:46): UR named: definition_diagram, of type IDiagram, and ID: f53d507c-79b1-4f7f-850a-0c96a124e9bd was created. Owned by the ES770 Project.
09, 09, 2016 (19:37:46): UR named: C_define, of type IStereotype, and ID: 4560e55a-2a71-451f-b5bd-262ac189ac08 was created. Owned by the Sources Package.
09, 09, 2016 (19:37:46): UR named: systemwide_diagram, of type IDiagram, and ID: faa5f56b-4d52-441e-886b-10954aeebd61 was created. Owned by the ES770 Project.
09, 09, 2016 (19:37:46): UR named: Driver, of type IComponent, and ID: 213206af-015c-41b0-acff-d119203c9abf was created. Owned by the ES770 Project.
09, 09, 2016 (19:37:46): UR named: Motor, of type IComponent, and ID: 74ce5ee9-edd0-4a4d-a765-5319cad6aa8e was created. Owned by the ES770 Project.
09, 09, 2016 (19:37:46): UR named: Encoder, of type IComponent, and ID: ebbcc1e1-fba1-4c18-b67f-93b3441ed079 was created. Owned by the ES770 Project.
09, 09, 2016 (19:37:46): UR named: PowerSupply_12V, of type IComponent, and ID: 88a7a51b-355c-4870-906d-9393f79cf1fe was created. Owned by the ES770 Project.
09, 09, 2016 (19:37:46): UR named: Host_Interface, of type IComponent, and ID: 0e52124a-e789-4058-8ffe-313e31fb1a1a was created. Owned by the ES770 Project.
09, 09, 2016 (23:23:23): UR named: User, of type IActor, and ID: b67ae536-8378-4891-accd-8a8599ea6dfb was created. Owned by the Final_Project Package.
09, 09, 2016 (23:24:08): UR named: User, of type IActor, and ID: b67ae536-8378-4891-accd-8a8599ea6dfb was created. Owned by the Final_Project Package.
09, 09, 2016 (23:24:58): UR named: package_diagram, of type IDiagram, and ID: 604328de-2202-48b3-9d1a-353bbeb75331 was created. Owned by the ES770 Project.
09, 09, 2016 (23:24:58): UR named: definition_diagram, of type IDiagram, and ID: f53d507c-79b1-4f7f-850a-0c96a124e9bd was created. Owned by the ES770 Project.
09, 09, 2016 (23:24:58): UR named: stdlib, of type IClass, and ID: 579689f1-435b-460b-9240-949970fdee53 was created. Owned by the Final_Project Package.
09, 09, 2016 (23:24:58): UR named: User, of type IActor, and ID: b67ae536-8378-4891-accd-8a8599ea6dfb was created. Owned by the Final_Project Package.
09, 09, 2016 (23:27:15): UR named: package_diagram, of type IDiagram, and ID: 604328de-2202-48b3-9d1a-353bbeb75331 was created. Owned by the ES770 Project.
09, 09, 2016 (23:27:15): UR named: definition_diagram, of type IDiagram, and ID: f53d507c-79b1-4f7f-850a-0c96a124e9bd was created. Owned by the ES770 Project.
09, 09, 2016 (23:27:15): UR named: stdlib, of type IClass, and ID: 579689f1-435b-460b-9240-949970fdee53 was created. Owned by the Final_Project Package.
09, 09, 2016 (23:27:15): UR named: User, of type IActor, and ID: b67ae536-8378-4891-accd-8a8599ea6dfb was created. Owned by the Final_Project Package.
09, 09, 2016 (23:27:16): UR named: package_diagram, of type IDiagram, and ID: 604328de-2202-48b3-9d1a-353bbeb75331 was created. Owned by the ES770 Project.
09, 09, 2016 (23:27:16): UR named: definition_diagram, of type IDiagram, and ID: f53d507c-79b1-4f7f-850a-0c96a124e9bd was created. Owned by the ES770 Project.
09, 09, 2016 (23:27:16): UR named: stdlib, of type IClass, and ID: 579689f1-435b-460b-9240-949970fdee53 was created. Owned by the Final_Project Package.
09, 09, 2016 (23:27:16): UR named: File, of type IStereotype, and ID: bdee0ab5-d5a0-4569-8f02-ac8f107b96c3 was created. Owned by the Final_Project Package.
09, 09, 2016 (23:27:16): UR named: User, of type IActor, and ID: b67ae536-8378-4891-accd-8a8599ea6dfb was created. Owned by the Final_Project Package.
09, 09, 2016 (23:27:25): UR named: package_diagram, of type IDiagram, and ID: 604328de-2202-48b3-9d1a-353bbeb75331 was created. Owned by the ES770 Project.
09, 09, 2016 (23:27:25): UR named: definition_diagram, of type IDiagram, and ID: f53d507c-79b1-4f7f-850a-0c96a124e9bd was created. Owned by the ES770 Project.
09, 09, 2016 (23:27:25): UR named: stdlib, of type IClass, and ID: 579689f1-435b-460b-9240-949970fdee53 was created. Owned by the Final_Project Package.
09, 09, 2016 (23:27:25): UR named: File, of type IStereotype, and ID: bdee0ab5-d5a0-4569-8f02-ac8f107b96c3 was created. Owned by the Final_Project Package.
09, 09, 2016 (23:27:25): UR named: C_define, of type IStereotype, and ID: 4560e55a-2a71-451f-b5bd-262ac189ac08 was created. Owned by the Sources Package.
09, 09, 2016 (23:27:25): UR named: MKL25Z4, of type IClass, and ID: d32248dd-74d9-479b-b8a9-cc8ac7ccc303 was created. Owned by the Final_Project Package.
09, 09, 2016 (23:27:25): UR named: User, of type IActor, and ID: b67ae536-8378-4891-accd-8a8599ea6dfb was created. Owned by the Final_Project Package.
09, 09, 2016 (23:27:39): UR named: package_diagram, of type IDiagram, and ID: 604328de-2202-48b3-9d1a-353bbeb75331 was created. Owned by the ES770 Project.
09, 09, 2016 (23:27:39): UR named: definition_diagram, of type IDiagram, and ID: f53d507c-79b1-4f7f-850a-0c96a124e9bd was created. Owned by the ES770 Project.
09, 09, 2016 (23:27:39): UR named: stdlib, of type IClass, and ID: 579689f1-435b-460b-9240-949970fdee53 was created. Owned by the Final_Project Package.
09, 09, 2016 (23:27:39): UR named: fsl_clock_manager, of type IClass, and ID: 08c1aede-ca9f-4ad1-a5c3-258b424cd52a was created. Owned by the Final_Project Package.
09, 09, 2016 (23:27:39): UR named: fsl_port_hal, of type IClass, and ID: 1ea38ca5-80a9-4f47-80f1-d13c37181ab9 was created. Owned by the Final_Project Package.
09, 09, 2016 (23:27:39): UR named: fsl_smc_hal, of type IClass, and ID: 82bdbb67-6156-4f36-8fde-ac0769bfa6a1 was created. Owned by the Final_Project Package.
09, 09, 2016 (23:27:39): UR named: File, of type IStereotype, and ID: bdee0ab5-d5a0-4569-8f02-ac8f107b96c3 was created. Owned by the Final_Project Package.
09, 09, 2016 (23:27:39): UR named: C_define, of type IStereotype, and ID: 4560e55a-2a71-451f-b5bd-262ac189ac08 was created. Owned by the Sources Package.
09, 09, 2016 (23:27:39): UR named: MKL25Z4, of type IClass, and ID: d32248dd-74d9-479b-b8a9-cc8ac7ccc303 was created. Owned by the Final_Project Package.
09, 09, 2016 (23:27:39): UR named: User, of type IActor, and ID: b67ae536-8378-4891-accd-8a8599ea6dfb was created. Owned by the Final_Project Package.
09, 09, 2016 (23:27:40): UR named: package_diagram, of type IDiagram, and ID: 604328de-2202-48b3-9d1a-353bbeb75331 was created. Owned by the ES770 Project.
09, 09, 2016 (23:27:40): UR named: definition_diagram, of type IDiagram, and ID: f53d507c-79b1-4f7f-850a-0c96a124e9bd was created. Owned by the ES770 Project.
09, 09, 2016 (23:27:40): UR named: stdlib, of type IClass, and ID: 579689f1-435b-460b-9240-949970fdee53 was created. Owned by the Final_Project Package.
09, 09, 2016 (23:27:40): UR named: C_define, of type IStereotype, and ID: 4560e55a-2a71-451f-b5bd-262ac189ac08 was created. Owned by the Sources Package.
09, 09, 2016 (23:27:40): UR named: fsl_clock_manager, of type IClass, and ID: 08c1aede-ca9f-4ad1-a5c3-258b424cd52a was created. Owned by the Final_Project Package.
09, 09, 2016 (23:27:40): UR named: fsl_port_hal, of type IClass, and ID: 1ea38ca5-80a9-4f47-80f1-d13c37181ab9 was created. Owned by the Final_Project Package.
09, 09, 2016 (23:27:40): UR named: fsl_gpio_hal, of type IClass, and ID: eaf96d3b-6e84-4516-8c0c-f3ce97a4d67b was created. Owned by the Final_Project Package.
09, 09, 2016 (23:27:40): UR named: fsl_interrupt_manager, of type IClass, and ID: b57f139d-e8b1-4031-89ee-0cc10bfebb00 was created. Owned by the Final_Project Package.
09, 09, 2016 (23:27:40): UR named: fsl_pwm_driver, of type IClass, and ID: 28b0b50e-d670-4ee0-bc7a-7962c3756450 was created. Owned by the Final_Project Package.
09, 09, 2016 (23:27:40): UR named: fsl_tpm_driver, of type IClass, and ID: 12d4b1b6-2ee8-43a3-8b4b-366f6cdb0cdf was created. Owned by the Final_Project Package.
09, 09, 2016 (23:27:40): UR named: fsl_tpm_hal, of type IClass, and ID: adc41eed-069a-487b-8384-888b18b15826 was created. Owned by the Final_Project Package.
09, 09, 2016 (23:27:40): UR named: fsl_smc_hal, of type IClass, and ID: 82bdbb67-6156-4f36-8fde-ac0769bfa6a1 was created. Owned by the Final_Project Package.
09, 09, 2016 (23:27:40): UR named: File, of type IStereotype, and ID: bdee0ab5-d5a0-4569-8f02-ac8f107b96c3 was created. Owned by the Final_Project Package.
09, 09, 2016 (23:27:40): UR named: MKL25Z4, of type IClass, and ID: d32248dd-74d9-479b-b8a9-cc8ac7ccc303 was created. Owned by the Final_Project Package.
09, 09, 2016 (23:27:40): UR named: User, of type IActor, and ID: b67ae536-8378-4891-accd-8a8599ea6dfb was created. Owned by the Final_Project Package.
09, 09, 2016 (23:27:42): UR named: package_diagram, of type IDiagram, and ID: 604328de-2202-48b3-9d1a-353bbeb75331 was created. Owned by the ES770 Project.
09, 09, 2016 (23:27:42): UR named: definition_diagram, of type IDiagram, and ID: f53d507c-79b1-4f7f-850a-0c96a124e9bd was created. Owned by the ES770 Project.
09, 09, 2016 (23:27:42): UR named: stdlib, of type IClass, and ID: 579689f1-435b-460b-9240-949970fdee53 was created. Owned by the Final_Project Package.
09, 09, 2016 (23:27:42): UR named: C_define, of type IStereotype, and ID: 4560e55a-2a71-451f-b5bd-262ac189ac08 was created. Owned by the Sources Package.
09, 09, 2016 (23:27:42): UR named: fsl_clock_manager, of type IClass, and ID: 08c1aede-ca9f-4ad1-a5c3-258b424cd52a was created. Owned by the Final_Project Package.
09, 09, 2016 (23:27:42): UR named: fsl_port_hal, of type IClass, and ID: 1ea38ca5-80a9-4f47-80f1-d13c37181ab9 was created. Owned by the Final_Project Package.
09, 09, 2016 (23:27:42): UR named: fsl_gpio_hal, of type IClass, and ID: eaf96d3b-6e84-4516-8c0c-f3ce97a4d67b was created. Owned by the Final_Project Package.
09, 09, 2016 (23:27:42): UR named: fsl_interrupt_manager, of type IClass, and ID: b57f139d-e8b1-4031-89ee-0cc10bfebb00 was created. Owned by the Final_Project Package.
09, 09, 2016 (23:27:42): UR named: fsl_pwm_driver, of type IClass, and ID: 28b0b50e-d670-4ee0-bc7a-7962c3756450 was created. Owned by the Final_Project Package.
09, 09, 2016 (23:27:42): UR named: fsl_tpm_driver, of type IClass, and ID: 12d4b1b6-2ee8-43a3-8b4b-366f6cdb0cdf was created. Owned by the Final_Project Package.
09, 09, 2016 (23:27:42): UR named: fsl_tpm_hal, of type IClass, and ID: adc41eed-069a-487b-8384-888b18b15826 was created. Owned by the Final_Project Package.
09, 09, 2016 (23:27:42): UR named: fsl_smc_hal, of type IClass, and ID: 82bdbb67-6156-4f36-8fde-ac0769bfa6a1 was created. Owned by the Final_Project Package.
09, 09, 2016 (23:27:42): UR named: fsl_debug_console, of type IClass, and ID: 8f05cbf7-9821-4d46-8dd7-e280a936a2f0 was created. Owned by the Final_Project Package.
09, 09, 2016 (23:27:42): UR named: File, of type IStereotype, and ID: bdee0ab5-d5a0-4569-8f02-ac8f107b96c3 was created. Owned by the Final_Project Package.
09, 09, 2016 (23:27:42): UR named: MKL25Z4, of type IClass, and ID: d32248dd-74d9-479b-b8a9-cc8ac7ccc303 was created. Owned by the Final_Project Package.
09, 09, 2016 (23:27:42): UR named: User, of type IActor, and ID: b67ae536-8378-4891-accd-8a8599ea6dfb was created. Owned by the Final_Project Package.
09, 09, 2016 (23:27:43): UR named: package_diagram, of type IDiagram, and ID: 604328de-2202-48b3-9d1a-353bbeb75331 was created. Owned by the ES770 Project.
09, 09, 2016 (23:27:43): UR named: definition_diagram, of type IDiagram, and ID: f53d507c-79b1-4f7f-850a-0c96a124e9bd was created. Owned by the ES770 Project.
09, 09, 2016 (23:27:43): UR named: stdlib, of type IClass, and ID: 579689f1-435b-460b-9240-949970fdee53 was created. Owned by the Final_Project Package.
09, 09, 2016 (23:27:43): UR named: C_define, of type IStereotype, and ID: 4560e55a-2a71-451f-b5bd-262ac189ac08 was created. Owned by the Sources Package.
09, 09, 2016 (23:27:43): UR named: fsl_gpio_hal, of type IClass, and ID: eaf96d3b-6e84-4516-8c0c-f3ce97a4d67b was created. Owned by the Final_Project Package.
09, 09, 2016 (23:27:43): UR named: fsl_interrupt_manager, of type IClass, and ID: b57f139d-e8b1-4031-89ee-0cc10bfebb00 was created. Owned by the Final_Project Package.
09, 09, 2016 (23:27:43): UR named: fsl_tpm_driver, of type IClass, and ID: 12d4b1b6-2ee8-43a3-8b4b-366f6cdb0cdf was created. Owned by the Final_Project Package.
09, 09, 2016 (23:27:43): UR named: fsl_tpm_hal, of type IClass, and ID: adc41eed-069a-487b-8384-888b18b15826 was created. Owned by the Final_Project Package.
09, 09, 2016 (23:27:43): UR named: fsl_pwm_driver, of type IClass, and ID: 28b0b50e-d670-4ee0-bc7a-7962c3756450 was created. Owned by the Final_Project Package.
09, 09, 2016 (23:27:43): UR named: fsl_clock_manager, of type IClass, and ID: 08c1aede-ca9f-4ad1-a5c3-258b424cd52a was created. Owned by the Final_Project Package.
09, 09, 2016 (23:27:43): UR named: fsl_port_hal, of type IClass, and ID: 1ea38ca5-80a9-4f47-80f1-d13c37181ab9 was created. Owned by the Final_Project Package.
09, 09, 2016 (23:27:43): UR named: fsl_smc_hal, of type IClass, and ID: 82bdbb67-6156-4f36-8fde-ac0769bfa6a1 was created. Owned by the Final_Project Package.
09, 09, 2016 (23:27:43): UR named: fsl_debug_console, of type IClass, and ID: 8f05cbf7-9821-4d46-8dd7-e280a936a2f0 was created. Owned by the Final_Project Package.
09, 09, 2016 (23:27:43): UR named: File, of type IStereotype, and ID: bdee0ab5-d5a0-4569-8f02-ac8f107b96c3 was created. Owned by the Final_Project Package.
09, 09, 2016 (23:27:43): UR named: MKL25Z4, of type IClass, and ID: d32248dd-74d9-479b-b8a9-cc8ac7ccc303 was created. Owned by the Final_Project Package.
09, 09, 2016 (23:27:43): UR named: User, of type IActor, and ID: b67ae536-8378-4891-accd-8a8599ea6dfb was created. Owned by the Final_Project Package.
09, 09, 2016 (23:34:07): UR named: package_diagram, of type IDiagram, and ID: 604328de-2202-48b3-9d1a-353bbeb75331 was created. Owned by the ES770 Project.
09, 09, 2016 (23:34:07): UR named: definition_diagram, of type IDiagram, and ID: f53d507c-79b1-4f7f-850a-0c96a124e9bd was created. Owned by the ES770 Project.
09, 09, 2016 (23:34:07): UR named: stdlib, of type IClass, and ID: 579689f1-435b-460b-9240-949970fdee53 was created. Owned by the Final_Project Package.
09, 09, 2016 (23:34:07): UR named: C_define, of type IStereotype, and ID: 4560e55a-2a71-451f-b5bd-262ac189ac08 was created. Owned by the Sources Package.
09, 09, 2016 (23:34:07): UR named: fsl_gpio_hal, of type IClass, and ID: eaf96d3b-6e84-4516-8c0c-f3ce97a4d67b was created. Owned by the Final_Project Package.
09, 09, 2016 (23:34:07): UR named: fsl_interrupt_manager, of type IClass, and ID: b57f139d-e8b1-4031-89ee-0cc10bfebb00 was created. Owned by the Final_Project Package.
09, 09, 2016 (23:34:07): UR named: fsl_tpm_driver, of type IClass, and ID: 12d4b1b6-2ee8-43a3-8b4b-366f6cdb0cdf was created. Owned by the Final_Project Package.
09, 09, 2016 (23:34:07): UR named: fsl_tpm_hal, of type IClass, and ID: adc41eed-069a-487b-8384-888b18b15826 was created. Owned by the Final_Project Package.
09, 09, 2016 (23:34:07): UR named: fsl_pwm_driver, of type IClass, and ID: 28b0b50e-d670-4ee0-bc7a-7962c3756450 was created. Owned by the Final_Project Package.
09, 09, 2016 (23:34:07): UR named: fsl_clock_manager, of type IClass, and ID: 08c1aede-ca9f-4ad1-a5c3-258b424cd52a was created. Owned by the Final_Project Package.
09, 09, 2016 (23:34:07): UR named: fsl_port_hal, of type IClass, and ID: 1ea38ca5-80a9-4f47-80f1-d13c37181ab9 was created. Owned by the Final_Project Package.
09, 09, 2016 (23:34:07): UR named: fsl_smc_hal, of type IClass, and ID: 82bdbb67-6156-4f36-8fde-ac0769bfa6a1 was created. Owned by the Final_Project Package.
09, 09, 2016 (23:34:07): UR named: fsl_debug_console, of type IClass, and ID: 8f05cbf7-9821-4d46-8dd7-e280a936a2f0 was created. Owned by the Final_Project Package.
09, 09, 2016 (23:34:07): UR named: File, of type IStereotype, and ID: bdee0ab5-d5a0-4569-8f02-ac8f107b96c3 was created. Owned by the Final_Project Package.
09, 09, 2016 (23:34:07): UR named: MKL25Z4, of type IClass, and ID: d32248dd-74d9-479b-b8a9-cc8ac7ccc303 was created. Owned by the Final_Project Package.
09, 09, 2016 (23:34:07): UR named: User, of type IActor, and ID: b67ae536-8378-4891-accd-8a8599ea6dfb was created. Owned by the Final_Project Package.
09, 09, 2016 (23:35:46): UR named: package_diagram, of type IDiagram, and ID: 604328de-2202-48b3-9d1a-353bbeb75331 was created. Owned by the ES770 Project.
09, 09, 2016 (23:35:46): UR named: definition_diagram, of type IDiagram, and ID: f53d507c-79b1-4f7f-850a-0c96a124e9bd was created. Owned by the ES770 Project.
09, 09, 2016 (23:35:46): UR named: C_define, of type IStereotype, and ID: 4560e55a-2a71-451f-b5bd-262ac189ac08 was created. Owned by the Sources Package.
09, 09, 2016 (23:35:46): UR named: Final_Project, of type ISubsystem, and ID: 00000000-0000-0000-0000-000000000000 was created. Owned by the ES770 Project.
09, 09, 2016 (23:35:46): UR named: File, of type IStereotype, and ID: bdee0ab5-d5a0-4569-8f02-ac8f107b96c3 was created. Owned by the Final_Project Package.
09, 09, 2016 (23:35:46): UR named: MKL25Z4, of type IClass, and ID: d32248dd-74d9-479b-b8a9-cc8ac7ccc303 was created. Owned by the Final_Project Package.
09, 09, 2016 (23:35:53): UR named: package_diagram, of type IDiagram, and ID: 604328de-2202-48b3-9d1a-353bbeb75331 was created. Owned by the ES770 Project.
09, 09, 2016 (23:35:53): UR named: definition_diagram, of type IDiagram, and ID: f53d507c-79b1-4f7f-850a-0c96a124e9bd was created. Owned by the ES770 Project.
09, 09, 2016 (23:35:53): UR named: C_define, of type IStereotype, and ID: 4560e55a-2a71-451f-b5bd-262ac189ac08 was created. Owned by the Sources Package.
09, 09, 2016 (23:35:53): UR named: Final_Project, of type ISubsystem, and ID: 00000000-0000-0000-0000-000000000000 was created. Owned by the ES770 Project.
09, 09, 2016 (23:35:53): UR named: File, of type IStereotype, and ID: bdee0ab5-d5a0-4569-8f02-ac8f107b96c3 was created. Owned by the Final_Project Package.
09, 09, 2016 (23:35:53): UR named: MKL25Z4, of type IClass, and ID: d32248dd-74d9-479b-b8a9-cc8ac7ccc303 was created. Owned by the Final_Project Package.
09, 09, 2016 (23:36:40): UR named: package_diagram, of type IDiagram, and ID: 604328de-2202-48b3-9d1a-353bbeb75331 was created. Owned by the ES770 Project.
09, 09, 2016 (23:36:40): UR named: definition_diagram, of type IDiagram, and ID: f53d507c-79b1-4f7f-850a-0c96a124e9bd was created. Owned by the ES770 Project.
09, 09, 2016 (23:36:40): UR named: C_define, of type IStereotype, and ID: 4560e55a-2a71-451f-b5bd-262ac189ac08 was created. Owned by the Sources Package.
09, 09, 2016 (23:36:40): UR named: Final_Project, of type ISubsystem, and ID: 00000000-0000-0000-0000-000000000000 was created. Owned by the ES770 Project.
09, 09, 2016 (23:36:40): UR named: File, of type IStereotype, and ID: bdee0ab5-d5a0-4569-8f02-ac8f107b96c3 was created. Owned by the Final_Project Package.
09, 09, 2016 (23:36:40): UR named: MKL25Z4, of type IClass, and ID: d32248dd-74d9-479b-b8a9-cc8ac7ccc303 was created. Owned by the Final_Project Package.
09, 09, 2016 (23:39:41): UR named: package_diagram, of type IDiagram, and ID: 604328de-2202-48b3-9d1a-353bbeb75331 was created. Owned by the ES770 Project.
09, 09, 2016 (23:39:41): UR named: definition_diagram, of type IDiagram, and ID: f53d507c-79b1-4f7f-850a-0c96a124e9bd was created. Owned by the ES770 Project.
09, 09, 2016 (23:39:41): UR named: C_define, of type IStereotype, and ID: 4560e55a-2a71-451f-b5bd-262ac189ac08 was created. Owned by the Sources Package.
09, 09, 2016 (23:39:41): UR named: Final_Project, of type ISubsystem, and ID: 00000000-0000-0000-0000-000000000000 was created. Owned by the ES770 Project.
09, 09, 2016 (23:39:41): UR named: File, of type IStereotype, and ID: bdee0ab5-d5a0-4569-8f02-ac8f107b96c3 was created. Owned by the Final_Project Package.
09, 09, 2016 (23:39:41): UR named: MKL25Z4, of type IClass, and ID: d32248dd-74d9-479b-b8a9-cc8ac7ccc303 was created. Owned by the Final_Project Package.
09, 09, 2016 (23:39:41): UR named: Hardware, of type IStereotype, and ID: c8011682-d6fb-4a52-a7a9-73430e572531 was created. Owned by the Final_Project Package.
09, 09, 2016 (23:39:44): UR named: package_diagram, of type IDiagram, and ID: 604328de-2202-48b3-9d1a-353bbeb75331 was created. Owned by the ES770 Project.
09, 09, 2016 (23:39:44): UR named: definition_diagram, of type IDiagram, and ID: f53d507c-79b1-4f7f-850a-0c96a124e9bd was created. Owned by the ES770 Project.
09, 09, 2016 (23:39:44): UR named: C_define, of type IStereotype, and ID: 4560e55a-2a71-451f-b5bd-262ac189ac08 was created. Owned by the Sources Package.
09, 09, 2016 (23:39:44): UR named: Final_Project, of type ISubsystem, and ID: 00000000-0000-0000-0000-000000000000 was created. Owned by the ES770 Project.
09, 09, 2016 (23:39:44): UR named: File, of type IStereotype, and ID: bdee0ab5-d5a0-4569-8f02-ac8f107b96c3 was created. Owned by the Final_Project Package.
09, 09, 2016 (23:39:44): UR named: MKL25Z4, of type IClass, and ID: d32248dd-74d9-479b-b8a9-cc8ac7ccc303 was created. Owned by the Final_Project Package.
09, 09, 2016 (23:39:44): UR named: Hardware, of type IStereotype, and ID: c8011682-d6fb-4a52-a7a9-73430e572531 was created. Owned by the Final_Project Package.
09, 09, 2016 (23:39:46): UR named: package_diagram, of type IDiagram, and ID: 604328de-2202-48b3-9d1a-353bbeb75331 was created. Owned by the ES770 Project.
09, 09, 2016 (23:39:46): UR named: definition_diagram, of type IDiagram, and ID: f53d507c-79b1-4f7f-850a-0c96a124e9bd was created. Owned by the ES770 Project.
09, 09, 2016 (23:39:46): UR named: C_define, of type IStereotype, and ID: 4560e55a-2a71-451f-b5bd-262ac189ac08 was created. Owned by the Sources Package.
09, 09, 2016 (23:39:46): UR named: Final_Project, of type ISubsystem, and ID: 00000000-0000-0000-0000-000000000000 was created. Owned by the ES770 Project.
09, 09, 2016 (23:39:46): UR named: File, of type IStereotype, and ID: bdee0ab5-d5a0-4569-8f02-ac8f107b96c3 was created. Owned by the Final_Project Package.
09, 09, 2016 (23:39:46): UR named: MKL25Z4, of type IClass, and ID: d32248dd-74d9-479b-b8a9-cc8ac7ccc303 was created. Owned by the Final_Project Package.
09, 09, 2016 (23:39:46): UR named: Hardware, of type IStereotype, and ID: c8011682-d6fb-4a52-a7a9-73430e572531 was created. Owned by the Final_Project Package.
09, 09, 2016 (23:39:49): UR named: package_diagram, of type IDiagram, and ID: 604328de-2202-48b3-9d1a-353bbeb75331 was created. Owned by the ES770 Project.
09, 09, 2016 (23:39:49): UR named: definition_diagram, of type IDiagram, and ID: f53d507c-79b1-4f7f-850a-0c96a124e9bd was created. Owned by the ES770 Project.
09, 09, 2016 (23:39:49): UR named: C_define, of type IStereotype, and ID: 4560e55a-2a71-451f-b5bd-262ac189ac08 was created. Owned by the Sources Package.
09, 09, 2016 (23:39:49): UR named: Final_Project, of type ISubsystem, and ID: 00000000-0000-0000-0000-000000000000 was created. Owned by the ES770 Project.
09, 09, 2016 (23:39:49): UR named: File, of type IStereotype, and ID: bdee0ab5-d5a0-4569-8f02-ac8f107b96c3 was created. Owned by the Final_Project Package.
09, 09, 2016 (23:39:49): UR named: MKL25Z4, of type IClass, and ID: d32248dd-74d9-479b-b8a9-cc8ac7ccc303 was created. Owned by the Final_Project Package.
09, 09, 2016 (23:39:49): UR named: Hardware, of type IStereotype, and ID: c8011682-d6fb-4a52-a7a9-73430e572531 was created. Owned by the Final_Project Package.
09, 09, 2016 (23:39:49): UR named: Software, of type IStereotype, and ID: 4fa28ec1-ff96-4344-8216-905756dbcb0a was created. Owned by the Final_Project Package.
09, 09, 2016 (23:39:52): UR named: package_diagram, of type IDiagram, and ID: 604328de-2202-48b3-9d1a-353bbeb75331 was created. Owned by the ES770 Project.
09, 09, 2016 (23:39:52): UR named: definition_diagram, of type IDiagram, and ID: f53d507c-79b1-4f7f-850a-0c96a124e9bd was created. Owned by the ES770 Project.
09, 09, 2016 (23:39:52): UR named: C_define, of type IStereotype, and ID: 4560e55a-2a71-451f-b5bd-262ac189ac08 was created. Owned by the Sources Package.
09, 09, 2016 (23:39:52): UR named: Final_Project, of type ISubsystem, and ID: 00000000-0000-0000-0000-000000000000 was created. Owned by the ES770 Project.
09, 09, 2016 (23:39:52): UR named: File, of type IStereotype, and ID: bdee0ab5-d5a0-4569-8f02-ac8f107b96c3 was created. Owned by the Final_Project Package.
09, 09, 2016 (23:39:52): UR named: MKL25Z4, of type IClass, and ID: d32248dd-74d9-479b-b8a9-cc8ac7ccc303 was created. Owned by the Final_Project Package.
09, 09, 2016 (23:39:52): UR named: Hardware, of type IStereotype, and ID: c8011682-d6fb-4a52-a7a9-73430e572531 was created. Owned by the Final_Project Package.
09, 09, 2016 (23:39:52): UR named: Software, of type IStereotype, and ID: 4fa28ec1-ff96-4344-8216-905756dbcb0a was created. Owned by the Final_Project Package.
09, 11, 2016 (12:53:17): UR named: package_diagram, of type IDiagram, and ID: 604328de-2202-48b3-9d1a-353bbeb75331 was created. Owned by the ES770 Project.
09, 11, 2016 (12:53:17): UR named: definition_diagram, of type IDiagram, and ID: f53d507c-79b1-4f7f-850a-0c96a124e9bd was created. Owned by the ES770 Project.
09, 11, 2016 (12:53:17): UR named: C_define, of type IStereotype, and ID: 4560e55a-2a71-451f-b5bd-262ac189ac08 was created. Owned by the Sources Package.
09, 11, 2016 (12:53:17): UR named: Final_Project, of type ISubsystem, and ID: 00000000-0000-0000-0000-000000000000 was created. Owned by the ES770 Project.
09, 11, 2016 (12:53:17): UR named: File, of type IStereotype, and ID: bdee0ab5-d5a0-4569-8f02-ac8f107b96c3 was created. Owned by the Final_Project Package.
09, 11, 2016 (12:53:17): UR named: MKL25Z4, of type IClass, and ID: d32248dd-74d9-479b-b8a9-cc8ac7ccc303 was created. Owned by the Final_Project Package.
09, 11, 2016 (13:13:48): UR named: package_diagram, of type IDiagram, and ID: 604328de-2202-48b3-9d1a-353bbeb75331 was created. Owned by the ES770 Project.
09, 11, 2016 (13:13:48): UR named: definition_diagram, of type IDiagram, and ID: f53d507c-79b1-4f7f-850a-0c96a124e9bd was created. Owned by the ES770 Project.
09, 11, 2016 (13:13:48): UR named: C_define, of type IStereotype, and ID: 4560e55a-2a71-451f-b5bd-262ac189ac08 was created. Owned by the Sources Package.
09, 11, 2016 (13:13:48): UR named: Final_Project, of type ISubsystem, and ID: 00000000-0000-0000-0000-000000000000 was created. Owned by the ES770 Project.
09, 11, 2016 (13:13:48): UR named: File, of type IStereotype, and ID: bdee0ab5-d5a0-4569-8f02-ac8f107b96c3 was created. Owned by the Final_Project Package.
09, 11, 2016 (13:13:48): UR named: MKL25Z4, of type IClass, and ID: d32248dd-74d9-479b-b8a9-cc8ac7ccc303 was created. Owned by the Final_Project Package.
09, 11, 2016 (13:15:34): UR named: package_diagram, of type IDiagram, and ID: 604328de-2202-48b3-9d1a-353bbeb75331 was created. Owned by the ES770 Project.
09, 11, 2016 (13:15:34): UR named: C_define, of type IStereotype, and ID: 4560e55a-2a71-451f-b5bd-262ac189ac08 was created. Owned by the Sources Package.
09, 11, 2016 (13:15:34): UR named: Final_Project, of type ISubsystem, and ID: 00000000-0000-0000-0000-000000000000 was created. Owned by the ES770 Project.
09, 11, 2016 (13:15:34): UR named: File, of type IStereotype, and ID: bdee0ab5-d5a0-4569-8f02-ac8f107b96c3 was created. Owned by the Final_Project Package.
09, 11, 2016 (13:15:34): UR named: MKL25Z4, of type IClass, and ID: d32248dd-74d9-479b-b8a9-cc8ac7ccc303 was created. Owned by the Final_Project Package.
09, 11, 2016 (13:15:34): UR named: comment_14, of type IComment, and ID: dec1f94f-1152-46e1-904d-55660096766c was created. Owned by the Final_Project Package.
09, 11, 2016 (13:15:34): UR named: es670, of type IClass, and ID: 24edaf1f-6db0-4e29-bf9d-2cfd75f2e63c was created. Owned by the main Package.
09, 11, 2016 (13:15:34): UR named: CYCLIC_EXECUTIVE_PERIOD, of type IAttribute, and ID: 21dd1dc6-ce7a-4bcf-a30d-f581e9ee3021 was created. Owned by the es670 Class.
09, 11, 2016 (13:15:34): UR named: uiFlagNextPeriod, of type IAttribute, and ID: f55eb207-7ee2-4e66-8a88-76b514d000b5 was created. Owned by the es670 Class.
09, 11, 2016 (13:15:34): UR named: boardInit(), of type IPrimitiveOperation, and ID: 96ad7817-8150-4f17-ac8c-173f02ad5176 was created. Owned by the es670 Class.
09, 11, 2016 (13:15:34): UR named: main(), of type IPrimitiveOperation, and ID: 26278d1f-734c-4aa3-8518-81c21ec1ac06 was created. Owned by the es670 Class.
09, 11, 2016 (13:15:34): UR named: peripheralInit(), of type IPrimitiveOperation, and ID: d8b0602d-dffb-46a3-99e3-849d71247762 was created. Owned by the es670 Class.
09, 11, 2016 (13:15:34): UR named: fsl_clock_manager, of type IClass, and ID: 08c1aede-ca9f-4ad1-a5c3-258b424cd52a was created. Owned by the Final_Project Package.
09, 11, 2016 (13:15:34): UR named: fsl_port_hal, of type IClass, and ID: 1ea38ca5-80a9-4f47-80f1-d13c37181ab9 was created. Owned by the Final_Project Package.
09, 11, 2016 (13:15:34): UR named: fsl_smc_hal, of type IClass, and ID: 82bdbb67-6156-4f36-8fde-ac0769bfa6a1 was created. Owned by the Final_Project Package.
09, 11, 2016 (13:15:34): UR named: fsl_debug_console, of type IClass, and ID: 8f05cbf7-9821-4d46-8dd7-e280a936a2f0 was created. Owned by the Final_Project Package.
09, 11, 2016 (13:15:34): UR named: fsl_gpio_hal, of type IClass, and ID: eaf96d3b-6e84-4516-8c0c-f3ce97a4d67b was created. Owned by the Final_Project Package.
09, 11, 2016 (13:15:34): UR named: fsl_interrupt_manager, of type IClass, and ID: b57f139d-e8b1-4031-89ee-0cc10bfebb00 was created. Owned by the Final_Project Package.
09, 11, 2016 (13:15:34): UR named: fsl_pwm_driver, of type IClass, and ID: 28b0b50e-d670-4ee0-bc7a-7962c3756450 was created. Owned by the Final_Project Package.
09, 11, 2016 (13:15:34): UR named: fsl_tpm_driver, of type IClass, and ID: 12d4b1b6-2ee8-43a3-8b4b-366f6cdb0cdf was created. Owned by the Final_Project Package.
09, 11, 2016 (13:15:34): UR named: fsl_tpm_hal, of type IClass, and ID: adc41eed-069a-487b-8384-888b18b15826 was created. Owned by the Final_Project Package.
09, 11, 2016 (13:15:34): UR named: stdlib, of type IClass, and ID: 579689f1-435b-460b-9240-949970fdee53 was created. Owned by the Final_Project Package.
09, 11, 2016 (13:15:34): UR named: itsMcg, of type IAssociationEnd, and ID: 367d839a-3117-4267-b43f-953704385a62 was created. Owned by the es670 Class.
09, 11, 2016 (13:15:34): UR named: fsl_clock_manager, of type IDependency, and ID: 20d06864-0a83-4569-bfe1-b5bb4c473150 was created. Owned by the mcg Class.
09, 11, 2016 (13:15:34): UR named: fsl_port_hal, of type IDependency, and ID: f4a0195d-af1f-4e0c-9250-6e7b8ef66e7e was created. Owned by the mcg Class.
09, 11, 2016 (13:15:34): UR named: fsl_smc_hal, of type IDependency, and ID: 29241265-3501-4089-8d2b-56201c5087d6 was created. Owned by the mcg Class.
09, 11, 2016 (13:15:34): UR named: itsTc_hal, of type IAssociationEnd, and ID: 50b117e2-36f7-4e8d-a8bc-e486287500f5 was created. Owned by the es670 Class.
09, 11, 2016 (13:15:34): UR named: itsEncoder, of type IAssociationEnd, and ID: 330291ad-95f6-446b-a5c4-bd51bcae0deb was created. Owned by the es670 Class.
09, 11, 2016 (13:15:34): UR named: itsDriver, of type IAssociationEnd, and ID: d9a9d8f1-081b-415a-96f6-3e69c4012f48 was created. Owned by the es670 Class.
09, 11, 2016 (13:15:34): UR named: itsController, of type IAssociationEnd, and ID: 2c1fbab4-fc7f-41de-93b4-68c5b7f55fd0 was created. Owned by the es670 Class.
09, 11, 2016 (13:15:34): UR named: itsHmi, of type IAssociationEnd, and ID: c037dc25-5567-42ec-8154-86d30d765d6f was created. Owned by the es670 Class.
09, 11, 2016 (13:15:34): UR named: fsl_clock_manager, of type IDependency, and ID: dd83798d-5190-4f23-8bc7-0b4066a59003 was created. Owned by the hmi Class.
09, 11, 2016 (13:15:34): UR named: fsl_port_hal, of type IDependency, and ID: a6bfb4e7-53c3-4ab6-b15e-be34a1a60d36 was created. Owned by the hmi Class.
09, 11, 2016 (13:15:34): UR named: fsl_smc_hal, of type IDependency, and ID: 71ec37c4-eb43-48f5-bb55-42f0c364ffe0 was created. Owned by the hmi Class.
09, 11, 2016 (13:15:34): UR named: fsl_debug_console, of type IDependency, and ID: 56127ab3-2c53-4ef0-8917-730fa33eca2a was created. Owned by the hmi Class.
09, 11, 2016 (13:15:34): UR named: fsl_clock_manager, of type IDependency, and ID: 0d3edbc4-5bd4-425d-b32f-cbd694b2ae6c was created. Owned by the encoder Class.
09, 11, 2016 (13:15:34): UR named: fsl_port_hal, of type IDependency, and ID: 0015dbc8-8d6e-4337-934d-d07dcf456a9d was created. Owned by the encoder Class.
09, 11, 2016 (13:15:34): UR named: fsl_gpio_hal, of type IDependency, and ID: a082384f-6397-45e0-a051-6516d7197ad4 was created. Owned by the encoder Class.
09, 11, 2016 (13:15:34): UR named: fsl_interrupt_manager, of type IDependency, and ID: 35852667-21a0-4dc3-b2ae-1cd8f77c377e was created. Owned by the encoder Class.
09, 11, 2016 (13:15:34): UR named: fsl_tpm_driver, of type IDependency, and ID: 1bc53f19-2516-46bd-af2a-455a65c09c96 was created. Owned by the encoder Class.
09, 11, 2016 (13:15:34): UR named: fsl_tpm_hal, of type IDependency, and ID: 199ce57f-e9b0-47fe-9457-63c5d062e2aa was created. Owned by the encoder Class.
09, 11, 2016 (13:15:34): UR named: target_pins, of type IDependency, and ID: cfd3b46f-da50-4123-b330-e5c788768332 was created. Owned by the encoder Class.
09, 11, 2016 (13:15:34): UR named: target_pins, of type IDependency, and ID: 7c148855-6fcc-4de3-b49a-84d6b6ddd766 was created. Owned by the driver Class.
09, 11, 2016 (13:15:34): UR named: fsl_gpio_hal, of type IDependency, and ID: d700ca62-390e-40f2-983a-255eca9b9ac5 was created. Owned by the driver Class.
09, 11, 2016 (13:15:34): UR named: fsl_interrupt_manager, of type IDependency, and ID: 36827d06-7831-4455-9390-a4083ac0f37e was created. Owned by the driver Class.
09, 11, 2016 (13:15:34): UR named: fsl_tpm_driver, of type IDependency, and ID: 8c425c7b-8068-44b6-aabe-3a9106eb3a33 was created. Owned by the driver Class.
09, 11, 2016 (13:15:34): UR named: fsl_tpm_hal, of type IDependency, and ID: e9d90fd1-e31c-4e51-9517-c6eb5bb1d0f0 was created. Owned by the driver Class.
09, 11, 2016 (13:15:34): UR named: fsl_pwm_driver, of type IDependency, and ID: fdb21b84-ef6c-494e-8917-7ce02a1dea0c was created. Owned by the driver Class.
09, 11, 2016 (13:15:34): UR named: target_pins, of type IDependency, and ID: 4075bc96-76e9-42e7-8839-b1857807818f was created. Owned by the hmi Class.
09, 11, 2016 (13:15:34): UR named: controller, of type IDependency, and ID: d8656b20-861f-489f-9d63-3286312721ca was created. Owned by the hmi Class.
09, 11, 2016 (13:15:34): UR named: stdlib, of type IDependency, and ID: 45ee7074-52e4-407a-8e80-289d5bd15701 was created. Owned by the controller Class.
09, 11, 2016 (13:15:34): UR named: target_pins, of type IDependency, and ID: 2f5cdd95-ede5-4c33-8525-7d2880f9066b was created. Owned by the es670 Class.
09, 12, 2016 (13:50:04): UR named: package_diagram, of type IDiagram, and ID: 604328de-2202-48b3-9d1a-353bbeb75331 was created. Owned by the ES770 Project.
09, 12, 2016 (13:50:04): UR named: Final_Project, of type ISubsystem, and ID: 00000000-0000-0000-0000-000000000000 was created. Owned by the ES770 Project.
09, 12, 2016 (13:50:04): UR named: MKL25Z4, of type IClass, and ID: d32248dd-74d9-479b-b8a9-cc8ac7ccc303 was created. Owned by the Final_Project Package.
09, 12, 2016 (13:50:04): UR named: File, of type IStereotype, and ID: bdee0ab5-d5a0-4569-8f02-ac8f107b96c3 was created. Owned by the Final_Project Package.
09, 13, 2016 (20:29:47): UR named: package_diagram, of type IDiagram, and ID: 604328de-2202-48b3-9d1a-353bbeb75331 was created. Owned by the ES770 Project.
09, 13, 2016 (20:29:47): UR named: Final_Project, of type ISubsystem, and ID: 00000000-0000-0000-0000-000000000000 was created. Owned by the ES770 Project.
09, 13, 2016 (20:29:47): UR named: MKL25Z4, of type IClass, and ID: d32248dd-74d9-479b-b8a9-cc8ac7ccc303 was created. Owned by the Final_Project Package.
09, 13, 2016 (20:29:47): UR named: File, of type IStereotype, and ID: bdee0ab5-d5a0-4569-8f02-ac8f107b96c3 was created. Owned by the Final_Project Package.
09, 14, 2016 (15:44:32): UR named: package_diagram, of type IDiagram, and ID: 604328de-2202-48b3-9d1a-353bbeb75331 was created. Owned by the ES770 Project.
09, 14, 2016 (15:44:32): UR named: Final_Project, of type ISubsystem, and ID: 00000000-0000-0000-0000-000000000000 was created. Owned by the ES770 Project.
09, 14, 2016 (15:44:32): UR named: MKL25Z4, of type IClass, and ID: d32248dd-74d9-479b-b8a9-cc8ac7ccc303 was created. Owned by the Final_Project Package.
09, 14, 2016 (15:44:32): UR named: File, of type IStereotype, and ID: bdee0ab5-d5a0-4569-8f02-ac8f107b96c3 was created. Owned by the Final_Project Package.
09, 14, 2016 (19:54:51): UR named: package_diagram, of type IDiagram, and ID: 604328de-2202-48b3-9d1a-353bbeb75331 was created. Owned by the ES770 Project.
09, 14, 2016 (19:54:51): UR named: Final_Project, of type ISubsystem, and ID: 00000000-0000-0000-0000-000000000000 was created. Owned by the ES770 Project.
09, 14, 2016 (19:54:51): UR named: File, of type IStereotype, and ID: bdee0ab5-d5a0-4569-8f02-ac8f107b96c3 was created. Owned by the Final_Project Package.
09, 15, 2016 (10:18:15): UR named: package_diagram, of type IDiagram, and ID: 604328de-2202-48b3-9d1a-353bbeb75331 was created. Owned by the ES770 Project.
09, 15, 2016 (10:18:15): UR named: Final_Project, of type ISubsystem, and ID: 00000000-0000-0000-0000-000000000000 was created. Owned by the ES770 Project.
09, 15, 2016 (10:18:15): UR named: File, of type IStereotype, and ID: bdee0ab5-d5a0-4569-8f02-ac8f107b96c3 was created. Owned by the Final_Project Package.
09, 16, 2016 (19:25:49): UR named: package_diagram, of type IDiagram, and ID: 604328de-2202-48b3-9d1a-353bbeb75331 was created. Owned by the ES770 Project.
09, 16, 2016 (19:25:49): UR named: Final_Project, of type ISubsystem, and ID: 00000000-0000-0000-0000-000000000000 was created. Owned by the ES770 Project.
09, 16, 2016 (19:25:49): UR named: File, of type IStereotype, and ID: bdee0ab5-d5a0-4569-8f02-ac8f107b96c3 was created. Owned by the Final_Project Package.
09, 23, 2016 (20:08:29): UR named: package_diagram, of type IDiagram, and ID: 604328de-2202-48b3-9d1a-353bbeb75331 was created. Owned by the ES770 Project.
09, 23, 2016 (20:08:29): UR named: Final_Project, of type ISubsystem, and ID: 00000000-0000-0000-0000-000000000000 was created. Owned by the ES770 Project.
09, 23, 2016 (20:08:29): UR named: File, of type IStereotype, and ID: bdee0ab5-d5a0-4569-8f02-ac8f107b96c3 was created. Owned by the Final_Project Package.
11, 05, 2016 (15:14:19): UR named: package_diagram, of type IDiagram, and ID: 604328de-2202-48b3-9d1a-353bbeb75331 was created. Owned by the ES770 Project.
11, 05, 2016 (15:14:19): UR named: Final_Project, of type ISubsystem, and ID: 00000000-0000-0000-0000-000000000000 was created. Owned by the ES770 Project.
11, 05, 2016 (15:14:19): UR named: File, of type IStereotype, and ID: bdee0ab5-d5a0-4569-8f02-ac8f107b96c3 was created. Owned by the Final_Project Package.
11, 12, 2016 (17:08:48): UR named: package_diagram, of type IDiagram, and ID: 604328de-2202-48b3-9d1a-353bbeb75331 was created. Owned by the ES770 Project.
11, 12, 2016 (17:08:48): UR named: Final_Project, of type ISubsystem, and ID: 00000000-0000-0000-0000-000000000000 was created. Owned by the ES770 Project.
11, 12, 2016 (17:08:48): UR named: File, of type IStereotype, and ID: bdee0ab5-d5a0-4569-8f02-ac8f107b96c3 was created. Owned by the Final_Project Package.
11, 19, 2016 (17:14:15): UR named: package_diagram, of type IDiagram, and ID: 604328de-2202-48b3-9d1a-353bbeb75331 was created. Owned by the ES770 Project.
11, 19, 2016 (17:14:15): UR named: Final_Project, of type ISubsystem, and ID: 00000000-0000-0000-0000-000000000000 was created. Owned by the ES770 Project.
11, 19, 2016 (17:14:15): UR named: File, of type IStereotype, and ID: bdee0ab5-d5a0-4569-8f02-ac8f107b96c3 was created. Owned by the Final_Project Package.
11, 25, 2016 (09:51:25): UR named: package_diagram, of type IDiagram, and ID: 604328de-2202-48b3-9d1a-353bbeb75331 was created. Owned by the ES770 Project.
11, 25, 2016 (09:51:25): UR named: Final_Project, of type ISubsystem, and ID: 00000000-0000-0000-0000-000000000000 was created. Owned by the ES770 Project.
11, 25, 2016 (09:51:25): UR named: File, of type IStereotype, and ID: bdee0ab5-d5a0-4569-8f02-ac8f107b96c3 was created. Owned by the Final_Project Package.
03, 25, 2017 (12:36:07): UR named: package_diagram, of type IDiagram, and ID: 604328de-2202-48b3-9d1a-353bbeb75331 was created. Owned by the ES770 Project.
03, 25, 2017 (12:36:07): UR named: Final_Project, of type ISubsystem, and ID: 00000000-0000-0000-0000-000000000000 was created. Owned by the ES770 Project.
03, 25, 2017 (12:36:07): UR named: File, of type IStereotype, and ID: bdee0ab5-d5a0-4569-8f02-ac8f107b96c3 was created. Owned by the Final_Project Package.
